     1                                  bits 32 ; assembling for the 32 bits architecture
     2                                  
     3                                  ; declare the EntryPoint (a label defining the very first instruction of the program)
     4                                  global start        
     5                                  
     6                                  ; declare external functions needed by our program
     7                                  extern exit               ; tell nasm that exit exists even if we won't be defining it
     8                                  import exit msvcrt.dll    ; exit is a function that ends the calling process. It is defined in msvcrt.dll
     9                                                            ; msvcrt.dll contains exit, printf and all the other important C-runtime specific functions
    10                                  
    11                                  ; our data is declared here (the variables needed by our program)
    12                                  segment data use32 class=data
    13 00000000 02                          a db 2
    14 00000001 05                          b db 5
    15 00000002 04                          c db 4
    16 00000003 03                          d db 3
    17 00000004 0300                        f dw 3
    18 00000006 0400                        g dw 4
    19 00000008 0200                        h dw 2
    20                                  
    21                                  ; our code starts here
    22                                  segment code use32 class=code
    23                                      start:
    24                                          ; a,b,c,d-byte, e,f,g,h-word
    25                                          ;h/a + (2 + b) + f/d – g/c
    26 00000000 66A1[08000000]                  mov ax, [h]
    27 00000006 F635[00000000]                  div byte[a]
    28 0000000C 88C3                            mov bl, al
    29                                          
    30 0000000E B202                            mov dl, 2
    31 00000010 0215[01000000]                  add dl, [b]
    32                                          
    33 00000016 00D3                            add bl, dl
    34                                          
    35 00000018 66A1[04000000]                  mov ax, [f]
    36 0000001E F635[03000000]                  div byte[d]
    37                                          
    38 00000024 00C3                            add bl, al
    39                                          
    40 00000026 66A1[06000000]                  mov ax, [g]
    41 0000002C F635[02000000]                  div byte[c]
    42                                          
    43 00000032 00C3                            add bl, al
    44                                          
    45 00000034 88D8                            mov al, bl
    46                                          ; exit(0)
    47 00000036 6A00                            push    dword 0      ; push the parameter for exit onto the stack
    48 00000038 FF15[00000000]                  call    [exit]       ; call exit to terminate the program
