     1                                  bits 32 ; assembling for the 32 bits architecture
     2                                  
     3                                  ; declare the EntryPoint (a label defining the very first instruction of the program)
     4                                  global start        
     5                                  
     6                                  ; declare external functions needed by our program
     7                                  extern exit               ; tell nasm that exit exists even if we won't be defining it
     8                                  import exit msvcrt.dll    ; exit is a function that ends the calling process. It is defined in msvcrt.dll
     9                                                            ; msvcrt.dll contains exit, printf and all the other important C-runtime specific functions
    10                                  
    11                                  ; our data is declared here (the variables needed by our program)
    12                                  segment data use32 class=data
    13                                      ; ...
    14 00000000 0400                        a dw 4
    15 00000002 0200                        b dw 2
    16 00000004 0600                        c dw 6
    17 00000006 0100                        d dw 1
    18                                      
    19                                  ; our code starts here
    20                                  segment code use32 class=code
    21                                      start:
    22                                          ; ...
    23                                          ;(c+b+a)-(d+d)
    24 00000000 66A1[04000000]                  mov ax, [c]
    25 00000006 660305[02000000]                add ax, [b] 
    26 0000000D 660305[00000000]                add ax, [a]
    27                                          ; ax := c + b + a
    28 00000014 668B1D[06000000]                mov bx, [d]
    29 0000001B 66031D[06000000]                add bx, [d]
    30                                          ; bx := d + d 
    31 00000022 6629D8                          sub ax, bx
    32                                          ; ax := (c+b+a)-(d+d)
    33                                          ; exit(0)
    34 00000025 6A00                            push    dword 0      ; push the parameter for exit onto the stack
    35 00000027 FF15[00000000]                  call    [exit]       ; call exit to terminate the program
